
SPECjbb2015 Java Business Benchmark
 (c) Standard Performance Evaluation Corporation, 2015

Preparing to launch SPECjbb2015 reporter.

Reading property file: /shared/projects/openjdk/benchmarks/test-hyperaligning-lilliput/SPECjbb2015_1.00-jdk16+/jdk-26bit-staggered-klass-OFF-24-05-16_060609/./config/specjbb2015.props
Report directory is result/specjbb2015-C-20240516-00001/report-00001
  8518s: Building report...

       862 msec: Pre-reading source
         0 msec: Validation
         2 msec: Dump run logs
         0 msec: Printing JbbProperties
         2 msec: Build report with HW/SW parameters
         0 msec: Controller time verification
        27 msec: Parsing attributes
         3 msec: Parsing agent names
        62 msec: Building throughput - response time curve
RUN RESULT: hbIR (max attempted) = 13837, hbIR (settled) = 13517, max-jOPS = 13007, critical-jOPS = 5608
        20 msec: Primary metrics calculation
        84 msec: Render Allowed Failures
       707 msec: Max Delay during RT curve building
       825 msec: Render IR/PR Accuracy
       773 msec: Overall RT curves
       756 msec: Request Mix accuracy
       758 msec: Render IR by probes tasks
         0 msec: Render RT
         4 msec: Render template to file result/specjbb2015-C-20240516-00001/report-00001/data/specjbb2015-C-20240516-00001-runProperties.txt
        31 msec: Render template to file result/specjbb2015-C-20240516-00001/report-00001/specjbb2015-C-20240516-00001.html
Report generation finished. Wallclock = 1946 msecs, real = 4916 msecs, parallelism = 2.53x
