
SPECjbb2015 Java Business Benchmark
 (c) Standard Performance Evaluation Corporation, 2015

Preparing to launch SPECjbb2015 reporter.

Reading property file: /shared/projects/openjdk/benchmarks/test-hyperaligning-lilliput/SPECjbb2015_1.00-jdk16+/jdk-26bit-staggered-klass-OFF-24-05-22_082044/./config/specjbb2015.props
Report directory is result/specjbb2015-C-20240522-00001/report-00001
  8397s: Building report...

       942 msec: Pre-reading source
         0 msec: Validation
         2 msec: Dump run logs
         0 msec: Printing JbbProperties
         0 msec: Controller time verification
         2 msec: Build report with HW/SW parameters
        25 msec: Parsing attributes
         3 msec: Parsing agent names
        49 msec: Building throughput - response time curve
RUN RESULT: hbIR (max attempted) = 13837, hbIR (settled) = 13089, max-jOPS = 13007, critical-jOPS = 5428
        31 msec: Primary metrics calculation
        84 msec: Render Allowed Failures
       629 msec: Render IR/PR Accuracy
       602 msec: Overall RT curves
       604 msec: Request Mix accuracy
       658 msec: Render IR by probes tasks
         0 msec: Render RT
        43 msec: Max Delay during RT curve building
         5 msec: Render template to file result/specjbb2015-C-20240522-00001/report-00001/data/specjbb2015-C-20240522-00001-runProperties.txt
        25 msec: Render template to file result/specjbb2015-C-20240522-00001/report-00001/specjbb2015-C-20240522-00001.html
Report generation finished. Wallclock = 1963 msecs, real = 3704 msecs, parallelism = 1.89x
