
SPECjbb2015 Java Business Benchmark
 (c) Standard Performance Evaluation Corporation, 2015

Preparing to launch SPECjbb2015 reporter.

Reading property file: /shared/projects/openjdk/benchmarks/test-hyperaligning-lilliput/SPECjbb2015_1.00-jdk16+/jdk-22bit-staggered-klass-OFF-24-05-16_082810/./config/specjbb2015.props
Report directory is result/specjbb2015-C-20240516-00001/report-00001
  8665s: Building report...

       873 msec: Pre-reading source
         0 msec: Validation
         1 msec: Dump run logs
         0 msec: Printing JbbProperties
         0 msec: Controller time verification
         2 msec: Build report with HW/SW parameters
        35 msec: Parsing attributes
         4 msec: Parsing agent names
        76 msec: Building throughput - response time curve
RUN RESULT: hbIR (max attempted) = 13837, hbIR (settled) = 13397, max-jOPS = 13145, critical-jOPS = 5487
        34 msec: Primary metrics calculation
       118 msec: Render Allowed Failures
       577 msec: Render IR/PR Accuracy
       491 msec: Max Delay during RT curve building
       554 msec: Overall RT curves
       661 msec: Request Mix accuracy
       699 msec: Render IR by probes tasks
         0 msec: Render RT
         4 msec: Render template to file result/specjbb2015-C-20240516-00001/report-00001/data/specjbb2015-C-20240516-00001-runProperties.txt
        25 msec: Render template to file result/specjbb2015-C-20240516-00001/report-00001/specjbb2015-C-20240516-00001.html
Report generation finished. Wallclock = 1932 msecs, real = 4154 msecs, parallelism = 2.15x
