
SPECjbb2015 Java Business Benchmark
 (c) Standard Performance Evaluation Corporation, 2015

Preparing to launch SPECjbb2015 reporter.

Reading property file: /shared/projects/openjdk/benchmarks/test-hyperaligning-lilliput/SPECjbb2015_1.00-jdk16+/jdk-22bit-staggered-klass-OFF-24-05-15_100537/./config/specjbb2015.props
Report directory is result/specjbb2015-C-20240515-00001/report-00001
  7938s: Building report...

       824 msec: Pre-reading source
         0 msec: Validation
         2 msec: Dump run logs
         0 msec: Printing JbbProperties
         0 msec: Controller time verification
         2 msec: Build report with HW/SW parameters
        32 msec: Parsing attributes
         3 msec: Parsing agent names
        66 msec: Building throughput - response time curve
RUN RESULT: hbIR (max attempted) = 14210, hbIR (settled) = 13767, max-jOPS = 12647, critical-jOPS = 5462
        33 msec: Primary metrics calculation
       103 msec: Render Allowed Failures
       455 msec: Render IR/PR Accuracy
       514 msec: Render IR by probes tasks
       491 msec: Request Mix accuracy
       550 msec: Overall RT curves
         0 msec: Render RT
        38 msec: Max Delay during RT curve building
         3 msec: Render template to file result/specjbb2015-C-20240515-00001/report-00001/data/specjbb2015-C-20240515-00001-runProperties.txt
        32 msec: Render template to file result/specjbb2015-C-20240515-00001/report-00001/specjbb2015-C-20240515-00001.html
Report generation finished. Wallclock = 1688 msecs, real = 3148 msecs, parallelism = 1.86x
