
SPECjbb2015 Java Business Benchmark
 (c) Standard Performance Evaluation Corporation, 2015

Preparing to launch SPECjbb2015 reporter.

Reading property file: /shared/projects/openjdk/benchmarks/test-hyperaligning-lilliput/SPECjbb2015_1.00-jdk16+/jdk-22bit-staggered-klass-ON-24-05-16_131243/./config/specjbb2015.props
Report directory is result/specjbb2015-C-20240516-00001/report-00001
  8592s: Building report...

       875 msec: Pre-reading source
         0 msec: Validation
         2 msec: Dump run logs
         0 msec: Printing JbbProperties
         2 msec: Build report with HW/SW parameters
         0 msec: Controller time verification
        34 msec: Parsing attributes
         4 msec: Parsing agent names
        51 msec: Building throughput - response time curve
RUN RESULT: hbIR (max attempted) = 13837, hbIR (settled) = 13708, max-jOPS = 13007, critical-jOPS = 5750
        36 msec: Primary metrics calculation
        91 msec: Render Allowed Failures
       497 msec: Render IR/PR Accuracy
       501 msec: Overall RT curves
       510 msec: Request Mix accuracy
       560 msec: Render IR by probes tasks
         0 msec: Render RT
        59 msec: Max Delay during RT curve building
         3 msec: Render template to file result/specjbb2015-C-20240516-00001/report-00001/data/specjbb2015-C-20240516-00001-runProperties.txt
        33 msec: Render template to file result/specjbb2015-C-20240516-00001/report-00001/specjbb2015-C-20240516-00001.html
Report generation finished. Wallclock = 1811 msecs, real = 3258 msecs, parallelism = 1.80x
