
SPECjbb2015 Java Business Benchmark
 (c) Standard Performance Evaluation Corporation, 2015

Preparing to launch SPECjbb2015 reporter.

Reading property file: /shared/projects/openjdk/benchmarks/test-hyperaligning-lilliput/SPECjbb2015_1.00-jdk16+/jdk-22bit-klasstable-ON-24-05-16_105239/./config/specjbb2015.props
Report directory is result/specjbb2015-C-20240516-00001/report-00001
  8401s: Building report...

       863 msec: Pre-reading source
         0 msec: Validation
         1 msec: Dump run logs
         0 msec: Printing JbbProperties
         0 msec: Controller time verification
         2 msec: Build report with HW/SW parameters
        26 msec: Parsing attributes
         2 msec: Parsing agent names
        60 msec: Building throughput - response time curve
RUN RESULT: hbIR (max attempted) = 13837, hbIR (settled) = 13397, max-jOPS = 13007, critical-jOPS = 5495
        23 msec: Primary metrics calculation
        86 msec: Render Allowed Failures
       542 msec: Max Delay during RT curve building
       645 msec: Render IR/PR Accuracy
       566 msec: Render IR by probes tasks
       591 msec: Overall RT curves
         0 msec: Render RT
       582 msec: Request Mix accuracy
         4 msec: Render template to file result/specjbb2015-C-20240516-00001/report-00001/data/specjbb2015-C-20240516-00001-runProperties.txt
        33 msec: Render template to file result/specjbb2015-C-20240516-00001/report-00001/specjbb2015-C-20240516-00001.html
Report generation finished. Wallclock = 1764 msecs, real = 4026 msecs, parallelism = 2.28x
