
SPECjbb2015 Java Business Benchmark
 (c) Standard Performance Evaluation Corporation, 2015

Preparing to launch SPECjbb2015 reporter.

Reading property file: /shared/projects/openjdk/benchmarks/test-hyperaligning-lilliput/SPECjbb2015_1.00-jdk16+/jdk-22bit-staggered-klass-OFF-24-05-22_104045/./config/specjbb2015.props
Report directory is result/specjbb2015-C-20240522-00001/report-00001
  8530s: Building report...

       970 msec: Pre-reading source
         0 msec: Validation
         2 msec: Dump run logs
         0 msec: Printing JbbProperties
         2 msec: Build report with HW/SW parameters
         0 msec: Controller time verification
        23 msec: Parsing attributes
         3 msec: Parsing agent names
        73 msec: Building throughput - response time curve
RUN RESULT: hbIR (max attempted) = 13837, hbIR (settled) = 13005, max-jOPS = 13007, critical-jOPS = 5456
        28 msec: Primary metrics calculation
       105 msec: Render Allowed Failures
       597 msec: Render IR/PR Accuracy
       544 msec: Overall RT curves
       525 msec: Max Delay during RT curve building
       565 msec: Render IR by probes tasks
         0 msec: Render RT
       570 msec: Request Mix accuracy
         5 msec: Render template to file result/specjbb2015-C-20240522-00001/report-00001/data/specjbb2015-C-20240522-00001-runProperties.txt
        25 msec: Render template to file result/specjbb2015-C-20240522-00001/report-00001/specjbb2015-C-20240522-00001.html
Report generation finished. Wallclock = 1882 msecs, real = 4037 msecs, parallelism = 2.15x
