
SPECjbb2015 Java Business Benchmark
 (c) Standard Performance Evaluation Corporation, 2015

Preparing to launch SPECjbb2015 reporter.

Reading property file: /shared/projects/openjdk/benchmarks/test-hyperaligning-lilliput/SPECjbb2015_1.00-jdk16+/jdk-22bit-klasstable-ON-24-05-22_130258/./config/specjbb2015.props
Report directory is result/specjbb2015-C-20240522-00001/report-00001
  8135s: Building report...

       821 msec: Pre-reading source
         0 msec: Validation
         2 msec: Dump run logs
         0 msec: Printing JbbProperties
         2 msec: Build report with HW/SW parameters
         0 msec: Controller time verification
        22 msec: Parsing attributes
         3 msec: Parsing agent names
        70 msec: Building throughput - response time curve
RUN RESULT: hbIR (max attempted) = 13837, hbIR (settled) = 13397, max-jOPS = 13007, critical-jOPS = 5647
        32 msec: Primary metrics calculation
       106 msec: Render Allowed Failures
       580 msec: Render IR/PR Accuracy
       482 msec: Max Delay during RT curve building
       558 msec: Overall RT curves
       570 msec: Request Mix accuracy
       584 msec: Render IR by probes tasks
         0 msec: Render RT
         5 msec: Render template to file result/specjbb2015-C-20240522-00001/report-00001/data/specjbb2015-C-20240522-00001-runProperties.txt
        29 msec: Render template to file result/specjbb2015-C-20240522-00001/report-00001/specjbb2015-C-20240522-00001.html
Report generation finished. Wallclock = 1752 msecs, real = 3866 msecs, parallelism = 2.21x
