
SPECjbb2015 Java Business Benchmark
 (c) Standard Performance Evaluation Corporation, 2015

Preparing to launch SPECjbb2015 reporter.

Reading property file: /shared/projects/openjdk/benchmarks/test-hyperaligning-lilliput/SPECjbb2015_1.00-jdk16+/jdk-22bit-klasstable-ON-24-05-15_121758/./config/specjbb2015.props
Report directory is result/specjbb2015-C-20240515-00001/report-00001
  8279s: Building report...

       873 msec: Pre-reading source
         0 msec: Validation
         2 msec: Dump run logs
         0 msec: Printing JbbProperties
         2 msec: Build report with HW/SW parameters
         0 msec: Controller time verification
        23 msec: Parsing attributes
         2 msec: Parsing agent names
        47 msec: Building throughput - response time curve
RUN RESULT: hbIR (max attempted) = 13837, hbIR (settled) = 13089, max-jOPS = 13145, critical-jOPS = 5671
        22 msec: Primary metrics calculation
        73 msec: Render Allowed Failures
       441 msec: Render IR/PR Accuracy
       415 msec: Request Mix accuracy
       436 msec: Render IR by probes tasks
       449 msec: Overall RT curves
         0 msec: Render RT
        45 msec: Max Delay during RT curve building
         4 msec: Render template to file result/specjbb2015-C-20240515-00001/report-00001/data/specjbb2015-C-20240515-00001-runProperties.txt
        23 msec: Render template to file result/specjbb2015-C-20240515-00001/report-00001/specjbb2015-C-20240515-00001.html
Report generation finished. Wallclock = 1670 msecs, real = 2857 msecs, parallelism = 1.71x
